ANTMINER-X3-201811131315-0M/initramfs.bin.SD_extract/64-12362077.gzip_extract/Angstrom-antminer_m-eglibc-ipk-v2013.06-beaglebone.rootfs.cpio_extract/bin/busybox
ANTMINER-X3-201811131315-0M/initramfs.bin.SD_extract/64-12362077.gzip_extract/Angstrom-antminer_m-eglibc-ipk-v2013.06-beaglebone.rootfs.cpio_extract/bin/login.shadow
ANTMINER-X3-201811131315-0M/initramfs.bin.SD_extract/64-12362077.gzip_extract/Angstrom-antminer_m-eglibc-ipk-v2013.06-beaglebone.rootfs.cpio_extract/bin/mountpoint.sysvinit
ANTMINER-X3-201811131315-0M/initramfs.bin.SD_extract/64-12362077.gzip_extract/Angstrom-antminer_m-eglibc-ipk-v2013.06-beaglebone.rootfs.cpio_extract/bin/tinylogin
ANTMINER-X3-201811131315-0M/initramfs.bin.SD_extract/64-12362077.gzip_extract/Angstrom-antminer_m-eglibc-ipk-v2013.06-beaglebone.rootfs.cpio_extract/bin/udevadm
ANTMINER-X3-201811131315-0M/initramfs.bin.SD_extract/64-12362077.gzip_extract/Angstrom-antminer_m-eglibc-ipk-v2013.06-beaglebone.rootfs.cpio_extract/lib/ld-2.17.so
ANTMINER-X3-201811131315-0M/initramfs.bin.SD_extract/64-12362077.gzip_extract/Angstrom-antminer_m-eglibc-ipk-v2013.06-beaglebone.rootfs.cpio_extract/lib/libBrokenLocale-2.17.so
ANTMINER-X3-201811131315-0M/initramfs.bin.SD_extract/64-12362077.gzip_extract/Angstrom-antminer_m-eglibc-ipk-v2013.06-beaglebone.rootfs.cpio_extract/lib/libacl.so.1.1.0
ANTMINER-X3-201811131315-0M/initramfs.bin.SD_extract/64-12362077.gzip_extract/Angstrom-antminer_m-eglibc-ipk-v2013.06-beaglebone.rootfs.cpio_extract/lib/libanl-2.17.so
ANTMINER-X3-201811131315-0M/initramfs.bin.SD_extract/64-12362077.gzip_extract/Angstrom-antminer_m-eglibc-ipk-v2013.06-beaglebone.rootfs.cpio_extract/lib/libattr.so.1.1.0
ANTMINER-X3-201811131315-0M/initramfs.bin.SD_extract/64-12362077.gzip_extract/Angstrom-antminer_m-eglibc-ipk-v2013.06-beaglebone.rootfs.cpio_extract/lib/libblkid.so.1.1.0
ANTMINER-X3-201811131315-0M/initramfs.bin.SD_extract/64-12362077.gzip_extract/Angstrom-antminer_m-eglibc-ipk-v2013.06-beaglebone.rootfs.cpio_extract/lib/libc-2.17.so
ANTMINER-X3-201811131315-0M/initramfs.bin.SD_extract/64-12362077.gzip_extract/Angstrom-antminer_m-eglibc-ipk-v2013.06-beaglebone.rootfs.cpio_extract/lib/libcap.so.2.22
ANTMINER-X3-201811131315-0M/initramfs.bin.SD_extract/64-12362077.gzip_extract/Angstrom-antminer_m-eglibc-ipk-v2013.06-beaglebone.rootfs.cpio_extract/lib/libcrypt-2.17.so
ANTMINER-X3-201811131315-0M/initramfs.bin.SD_extract/64-12362077.gzip_extract/Angstrom-antminer_m-eglibc-ipk-v2013.06-beaglebone.rootfs.cpio_extract/lib/libcrypto.so.1.0.0
ANTMINER-X3-201811131315-0M/initramfs.bin.SD_extract/64-12362077.gzip_extract/Angstrom-antminer_m-eglibc-ipk-v2013.06-beaglebone.rootfs.cpio_extract/lib/libdl-2.17.so
ANTMINER-X3-201811131315-0M/initramfs.bin.SD_extract/64-12362077.gzip_extract/Angstrom-antminer_m-eglibc-ipk-v2013.06-beaglebone.rootfs.cpio_extract/lib/libgcc_s.so.1
ANTMINER-X3-201811131315-0M/initramfs.bin.SD_extract/64-12362077.gzip_extract/Angstrom-antminer_m-eglibc-ipk-v2013.06-beaglebone.rootfs.cpio_extract/lib/libm-2.17.so
ANTMINER-X3-201811131315-0M/initramfs.bin.SD_extract/64-12362077.gzip_extract/Angstrom-antminer_m-eglibc-ipk-v2013.06-beaglebone.rootfs.cpio_extract/lib/libncurses.so.5.9
ANTMINER-X3-201811131315-0M/initramfs.bin.SD_extract/64-12362077.gzip_extract/Angstrom-antminer_m-eglibc-ipk-v2013.06-beaglebone.rootfs.cpio_extract/lib/libnsl-2.17.so
ANTMINER-X3-201811131315-0M/initramfs.bin.SD_extract/64-12362077.gzip_extract/Angstrom-antminer_m-eglibc-ipk-v2013.06-beaglebone.rootfs.cpio_extract/lib/libnss_compat-2.17.so
ANTMINER-X3-201811131315-0M/initramfs.bin.SD_extract/64-12362077.gzip_extract/Angstrom-antminer_m-eglibc-ipk-v2013.06-beaglebone.rootfs.cpio_extract/lib/libnss_dns-2.17.so
ANTMINER-X3-201811131315-0M/initramfs.bin.SD_extract/64-12362077.gzip_extract/Angstrom-antminer_m-eglibc-ipk-v2013.06-beaglebone.rootfs.cpio_extract/lib/libnss_files-2.17.so
ANTMINER-X3-201811131315-0M/initramfs.bin.SD_extract/64-12362077.gzip_extract/Angstrom-antminer_m-eglibc-ipk-v2013.06-beaglebone.rootfs.cpio_extract/lib/libnss_mdns.so.2
ANTMINER-X3-201811131315-0M/initramfs.bin.SD_extract/64-12362077.gzip_extract/Angstrom-antminer_m-eglibc-ipk-v2013.06-beaglebone.rootfs.cpio_extract/lib/libnss_mdns4.so.2
ANTMINER-X3-201811131315-0M/initramfs.bin.SD_extract/64-12362077.gzip_extract/Angstrom-antminer_m-eglibc-ipk-v2013.06-beaglebone.rootfs.cpio_extract/lib/libnss_mdns4_minimal.so.2
ANTMINER-X3-201811131315-0M/initramfs.bin.SD_extract/64-12362077.gzip_extract/Angstrom-antminer_m-eglibc-ipk-v2013.06-beaglebone.rootfs.cpio_extract/lib/libnss_mdns6.so.2
ANTMINER-X3-201811131315-0M/initramfs.bin.SD_extract/64-12362077.gzip_extract/Angstrom-antminer_m-eglibc-ipk-v2013.06-beaglebone.rootfs.cpio_extract/lib/libnss_mdns6_minimal.so.2
ANTMINER-X3-201811131315-0M/initramfs.bin.SD_extract/64-12362077.gzip_extract/Angstrom-antminer_m-eglibc-ipk-v2013.06-beaglebone.rootfs.cpio_extract/lib/libnss_mdns_minimal.so.2
ANTMINER-X3-201811131315-0M/initramfs.bin.SD_extract/64-12362077.gzip_extract/Angstrom-antminer_m-eglibc-ipk-v2013.06-beaglebone.rootfs.cpio_extract/lib/libpam.so.0.83.1
ANTMINER-X3-201811131315-0M/initramfs.bin.SD_extract/64-12362077.gzip_extract/Angstrom-antminer_m-eglibc-ipk-v2013.06-beaglebone.rootfs.cpio_extract/lib/libpam_misc.so.0.82.0
ANTMINER-X3-201811131315-0M/initramfs.bin.SD_extract/64-12362077.gzip_extract/Angstrom-antminer_m-eglibc-ipk-v2013.06-beaglebone.rootfs.cpio_extract/lib/libpamc.so.0.82.1
ANTMINER-X3-201811131315-0M/initramfs.bin.SD_extract/64-12362077.gzip_extract/Angstrom-antminer_m-eglibc-ipk-v2013.06-beaglebone.rootfs.cpio_extract/lib/libpthread-2.17.so
ANTMINER-X3-201811131315-0M/initramfs.bin.SD_extract/64-12362077.gzip_extract/Angstrom-antminer_m-eglibc-ipk-v2013.06-beaglebone.rootfs.cpio_extract/lib/libresolv-2.17.so
ANTMINER-X3-201811131315-0M/initramfs.bin.SD_extract/64-12362077.gzip_extract/Angstrom-antminer_m-eglibc-ipk-v2013.06-beaglebone.rootfs.cpio_extract/lib/librt-2.17.so
ANTMINER-X3-201811131315-0M/initramfs.bin.SD_extract/64-12362077.gzip_extract/Angstrom-antminer_m-eglibc-ipk-v2013.06-beaglebone.rootfs.cpio_extract/lib/libthread_db-1.0.so
ANTMINER-X3-201811131315-0M/initramfs.bin.SD_extract/64-12362077.gzip_extract/Angstrom-antminer_m-eglibc-ipk-v2013.06-beaglebone.rootfs.cpio_extract/lib/libtinfo.so.5.9
ANTMINER-X3-201811131315-0M/initramfs.bin.SD_extract/64-12362077.gzip_extract/Angstrom-antminer_m-eglibc-ipk-v2013.06-beaglebone.rootfs.cpio_extract/lib/libudev.so.1.4.0
ANTMINER-X3-201811131315-0M/initramfs.bin.SD_extract/64-12362077.gzip_extract/Angstrom-antminer_m-eglibc-ipk-v2013.06-beaglebone.rootfs.cpio_extract/lib/libutil-2.17.so
ANTMINER-X3-201811131315-0M/initramfs.bin.SD_extract/64-12362077.gzip_extract/Angstrom-antminer_m-eglibc-ipk-v2013.06-beaglebone.rootfs.cpio_extract/lib/libuuid.so.1.3.0
ANTMINER-X3-201811131315-0M/initramfs.bin.SD_extract/64-12362077.gzip_extract/Angstrom-antminer_m-eglibc-ipk-v2013.06-beaglebone.rootfs.cpio_extract/lib/libwrap.so.0.7.6
ANTMINER-X3-201811131315-0M/initramfs.bin.SD_extract/64-12362077.gzip_extract/Angstrom-antminer_m-eglibc-ipk-v2013.06-beaglebone.rootfs.cpio_extract/lib/security/pam_cap.so
ANTMINER-X3-201811131315-0M/initramfs.bin.SD_extract/64-12362077.gzip_extract/Angstrom-antminer_m-eglibc-ipk-v2013.06-beaglebone.rootfs.cpio_extract/lib/security/pam_deny.so
ANTMINER-X3-201811131315-0M/initramfs.bin.SD_extract/64-12362077.gzip_extract/Angstrom-antminer_m-eglibc-ipk-v2013.06-beaglebone.rootfs.cpio_extract/lib/security/pam_env.so
ANTMINER-X3-201811131315-0M/initramfs.bin.SD_extract/64-12362077.gzip_extract/Angstrom-antminer_m-eglibc-ipk-v2013.06-beaglebone.rootfs.cpio_extract/lib/security/pam_faildelay.so
ANTMINER-X3-201811131315-0M/initramfs.bin.SD_extract/64-12362077.gzip_extract/Angstrom-antminer_m-eglibc-ipk-v2013.06-beaglebone.rootfs.cpio_extract/lib/security/pam_group.so
ANTMINER-X3-201811131315-0M/initramfs.bin.SD_extract/64-12362077.gzip_extract/Angstrom-antminer_m-eglibc-ipk-v2013.06-beaglebone.rootfs.cpio_extract/lib/security/pam_lastlog.so
ANTMINER-X3-201811131315-0M/initramfs.bin.SD_extract/64-12362077.gzip_extract/Angstrom-antminer_m-eglibc-ipk-v2013.06-beaglebone.rootfs.cpio_extract/lib/security/pam_limits.so
ANTMINER-X3-201811131315-0M/initramfs.bin.SD_extract/64-12362077.gzip_extract/Angstrom-antminer_m-eglibc-ipk-v2013.06-beaglebone.rootfs.cpio_extract/lib/security/pam_mail.so
ANTMINER-X3-201811131315-0M/initramfs.bin.SD_extract/64-12362077.gzip_extract/Angstrom-antminer_m-eglibc-ipk-v2013.06-beaglebone.rootfs.cpio_extract/lib/security/pam_motd.so
ANTMINER-X3-201811131315-0M/initramfs.bin.SD_extract/64-12362077.gzip_extract/Angstrom-antminer_m-eglibc-ipk-v2013.06-beaglebone.rootfs.cpio_extract/lib/security/pam_nologin.so
ANTMINER-X3-201811131315-0M/initramfs.bin.SD_extract/64-12362077.gzip_extract/Angstrom-antminer_m-eglibc-ipk-v2013.06-beaglebone.rootfs.cpio_extract/lib/security/pam_permit.so
ANTMINER-X3-201811131315-0M/initramfs.bin.SD_extract/64-12362077.gzip_extract/Angstrom-antminer_m-eglibc-ipk-v2013.06-beaglebone.rootfs.cpio_extract/lib/security/pam_rootok.so
ANTMINER-X3-201811131315-0M/initramfs.bin.SD_extract/64-12362077.gzip_extract/Angstrom-antminer_m-eglibc-ipk-v2013.06-beaglebone.rootfs.cpio_extract/lib/security/pam_securetty.so
ANTMINER-X3-201811131315-0M/initramfs.bin.SD_extract/64-12362077.gzip_extract/Angstrom-antminer_m-eglibc-ipk-v2013.06-beaglebone.rootfs.cpio_extract/lib/security/pam_shells.so
ANTMINER-X3-201811131315-0M/initramfs.bin.SD_extract/64-12362077.gzip_extract/Angstrom-antminer_m-eglibc-ipk-v2013.06-beaglebone.rootfs.cpio_extract/lib/security/pam_unix.so
ANTMINER-X3-201811131315-0M/initramfs.bin.SD_extract/64-12362077.gzip_extract/Angstrom-antminer_m-eglibc-ipk-v2013.06-beaglebone.rootfs.cpio_extract/lib/security/pam_warn.so
ANTMINER-X3-201811131315-0M/initramfs.bin.SD_extract/64-12362077.gzip_extract/Angstrom-antminer_m-eglibc-ipk-v2013.06-beaglebone.rootfs.cpio_extract/lib/systemd/systemd-udevd
ANTMINER-X3-201811131315-0M/initramfs.bin.SD_extract/64-12362077.gzip_extract/Angstrom-antminer_m-eglibc-ipk-v2013.06-beaglebone.rootfs.cpio_extract/lib/udev/accelerometer
ANTMINER-X3-201811131315-0M/initramfs.bin.SD_extract/64-12362077.gzip_extract/Angstrom-antminer_m-eglibc-ipk-v2013.06-beaglebone.rootfs.cpio_extract/lib/udev/ata_id
ANTMINER-X3-201811131315-0M/initramfs.bin.SD_extract/64-12362077.gzip_extract/Angstrom-antminer_m-eglibc-ipk-v2013.06-beaglebone.rootfs.cpio_extract/lib/udev/cdrom_id
ANTMINER-X3-201811131315-0M/initramfs.bin.SD_extract/64-12362077.gzip_extract/Angstrom-antminer_m-eglibc-ipk-v2013.06-beaglebone.rootfs.cpio_extract/lib/udev/collect
ANTMINER-X3-201811131315-0M/initramfs.bin.SD_extract/64-12362077.gzip_extract/Angstrom-antminer_m-eglibc-ipk-v2013.06-beaglebone.rootfs.cpio_extract/lib/udev/mtd_probe
ANTMINER-X3-201811131315-0M/initramfs.bin.SD_extract/64-12362077.gzip_extract/Angstrom-antminer_m-eglibc-ipk-v2013.06-beaglebone.rootfs.cpio_extract/lib/udev/scsi_id
ANTMINER-X3-201811131315-0M/initramfs.bin.SD_extract/64-12362077.gzip_extract/Angstrom-antminer_m-eglibc-ipk-v2013.06-beaglebone.rootfs.cpio_extract/lib/udev/v4l_id
ANTMINER-X3-201811131315-0M/initramfs.bin.SD_extract/64-12362077.gzip_extract/Angstrom-antminer_m-eglibc-ipk-v2013.06-beaglebone.rootfs.cpio_extract/sbin/bootlogd
ANTMINER-X3-201811131315-0M/initramfs.bin.SD_extract/64-12362077.gzip_extract/Angstrom-antminer_m-eglibc-ipk-v2013.06-beaglebone.rootfs.cpio_extract/sbin/fstab-decode
ANTMINER-X3-201811131315-0M/initramfs.bin.SD_extract/64-12362077.gzip_extract/Angstrom-antminer_m-eglibc-ipk-v2013.06-beaglebone.rootfs.cpio_extract/sbin/halt.sysvinit
ANTMINER-X3-201811131315-0M/initramfs.bin.SD_extract/64-12362077.gzip_extract/Angstrom-antminer_m-eglibc-ipk-v2013.06-beaglebone.rootfs.cpio_extract/sbin/init.sysvinit
ANTMINER-X3-201811131315-0M/initramfs.bin.SD_extract/64-12362077.gzip_extract/Angstrom-antminer_m-eglibc-ipk-v2013.06-beaglebone.rootfs.cpio_extract/sbin/killall5
ANTMINER-X3-201811131315-0M/initramfs.bin.SD_extract/64-12362077.gzip_extract/Angstrom-antminer_m-eglibc-ipk-v2013.06-beaglebone.rootfs.cpio_extract/sbin/ldconfig
ANTMINER-X3-201811131315-0M/initramfs.bin.SD_extract/64-12362077.gzip_extract/Angstrom-antminer_m-eglibc-ipk-v2013.06-beaglebone.rootfs.cpio_extract/sbin/nologin
ANTMINER-X3-201811131315-0M/initramfs.bin.SD_extract/64-12362077.gzip_extract/Angstrom-antminer_m-eglibc-ipk-v2013.06-beaglebone.rootfs.cpio_extract/sbin/runlevel.sysvinit
ANTMINER-X3-201811131315-0M/initramfs.bin.SD_extract/64-12362077.gzip_extract/Angstrom-antminer_m-eglibc-ipk-v2013.06-beaglebone.rootfs.cpio_extract/sbin/shutdown.sysvinit
ANTMINER-X3-201811131315-0M/initramfs.bin.SD_extract/64-12362077.gzip_extract/Angstrom-antminer_m-eglibc-ipk-v2013.06-beaglebone.rootfs.cpio_extract/sbin/vipw.shadow
ANTMINER-X3-201811131315-0M/initramfs.bin.SD_extract/64-12362077.gzip_extract/Angstrom-antminer_m-eglibc-ipk-v2013.06-beaglebone.rootfs.cpio_extract/usr/bin/cgminer
ANTMINER-X3-201811131315-0M/initramfs.bin.SD_extract/64-12362077.gzip_extract/Angstrom-antminer_m-eglibc-ipk-v2013.06-beaglebone.rootfs.cpio_extract/usr/bin/cgminer-api
ANTMINER-X3-201811131315-0M/initramfs.bin.SD_extract/64-12362077.gzip_extract/Angstrom-antminer_m-eglibc-ipk-v2013.06-beaglebone.rootfs.cpio_extract/usr/bin/chage
ANTMINER-X3-201811131315-0M/initramfs.bin.SD_extract/64-12362077.gzip_extract/Angstrom-antminer_m-eglibc-ipk-v2013.06-beaglebone.rootfs.cpio_extract/usr/bin/chfn.shadow
ANTMINER-X3-201811131315-0M/initramfs.bin.SD_extract/64-12362077.gzip_extract/Angstrom-antminer_m-eglibc-ipk-v2013.06-beaglebone.rootfs.cpio_extract/usr/bin/chsh.shadow
ANTMINER-X3-201811131315-0M/initramfs.bin.SD_extract/64-12362077.gzip_extract/Angstrom-antminer_m-eglibc-ipk-v2013.06-beaglebone.rootfs.cpio_extract/usr/bin/curl
ANTMINER-X3-201811131315-0M/initramfs.bin.SD_extract/64-12362077.gzip_extract/Angstrom-antminer_m-eglibc-ipk-v2013.06-beaglebone.rootfs.cpio_extract/usr/bin/dtc
ANTMINER-X3-201811131315-0M/initramfs.bin.SD_extract/64-12362077.gzip_extract/Angstrom-antminer_m-eglibc-ipk-v2013.06-beaglebone.rootfs.cpio_extract/usr/bin/expiry
ANTMINER-X3-201811131315-0M/initramfs.bin.SD_extract/64-12362077.gzip_extract/Angstrom-antminer_m-eglibc-ipk-v2013.06-beaglebone.rootfs.cpio_extract/usr/bin/faillog
ANTMINER-X3-201811131315-0M/initramfs.bin.SD_extract/64-12362077.gzip_extract/Angstrom-antminer_m-eglibc-ipk-v2013.06-beaglebone.rootfs.cpio_extract/usr/bin/fdtdump
ANTMINER-X3-201811131315-0M/initramfs.bin.SD_extract/64-12362077.gzip_extract/Angstrom-antminer_m-eglibc-ipk-v2013.06-beaglebone.rootfs.cpio_extract/usr/bin/fdtget
ANTMINER-X3-201811131315-0M/initramfs.bin.SD_extract/64-12362077.gzip_extract/Angstrom-antminer_m-eglibc-ipk-v2013.06-beaglebone.rootfs.cpio_extract/usr/bin/fdtput
ANTMINER-X3-201811131315-0M/initramfs.bin.SD_extract/64-12362077.gzip_extract/Angstrom-antminer_m-eglibc-ipk-v2013.06-beaglebone.rootfs.cpio_extract/usr/bin/gdb
ANTMINER-X3-201811131315-0M/initramfs.bin.SD_extract/64-12362077.gzip_extract/Angstrom-antminer_m-eglibc-ipk-v2013.06-beaglebone.rootfs.cpio_extract/usr/bin/gpasswd
ANTMINER-X3-201811131315-0M/initramfs.bin.SD_extract/64-12362077.gzip_extract/Angstrom-antminer_m-eglibc-ipk-v2013.06-beaglebone.rootfs.cpio_extract/usr/bin/groups.shadow
ANTMINER-X3-201811131315-0M/initramfs.bin.SD_extract/64-12362077.gzip_extract/Angstrom-antminer_m-eglibc-ipk-v2013.06-beaglebone.rootfs.cpio_extract/usr/bin/last.sysvinit
ANTMINER-X3-201811131315-0M/initramfs.bin.SD_extract/64-12362077.gzip_extract/Angstrom-antminer_m-eglibc-ipk-v2013.06-beaglebone.rootfs.cpio_extract/usr/bin/lastlog
ANTMINER-X3-201811131315-0M/initramfs.bin.SD_extract/64-12362077.gzip_extract/Angstrom-antminer_m-eglibc-ipk-v2013.06-beaglebone.rootfs.cpio_extract/usr/bin/led-blink
ANTMINER-X3-201811131315-0M/initramfs.bin.SD_extract/64-12362077.gzip_extract/Angstrom-antminer_m-eglibc-ipk-v2013.06-beaglebone.rootfs.cpio_extract/usr/bin/mesg.sysvinit
ANTMINER-X3-201811131315-0M/initramfs.bin.SD_extract/64-12362077.gzip_extract/Angstrom-antminer_m-eglibc-ipk-v2013.06-beaglebone.rootfs.cpio_extract/usr/bin/miner-monitor
ANTMINER-X3-201811131315-0M/initramfs.bin.SD_extract/64-12362077.gzip_extract/Angstrom-antminer_m-eglibc-ipk-v2013.06-beaglebone.rootfs.cpio_extract/usr/bin/monitor-ipsig
ANTMINER-X3-201811131315-0M/initramfs.bin.SD_extract/64-12362077.gzip_extract/Angstrom-antminer_m-eglibc-ipk-v2013.06-beaglebone.rootfs.cpio_extract/usr/bin/monitor-recobtn
ANTMINER-X3-201811131315-0M/initramfs.bin.SD_extract/64-12362077.gzip_extract/Angstrom-antminer_m-eglibc-ipk-v2013.06-beaglebone.rootfs.cpio_extract/usr/bin/newgrp.shadow
ANTMINER-X3-201811131315-0M/initramfs.bin.SD_extract/64-12362077.gzip_extract/Angstrom-antminer_m-eglibc-ipk-v2013.06-beaglebone.rootfs.cpio_extract/usr/bin/ntpd
ANTMINER-X3-201811131315-0M/initramfs.bin.SD_extract/64-12362077.gzip_extract/Angstrom-antminer_m-eglibc-ipk-v2013.06-beaglebone.rootfs.cpio_extract/usr/bin/ntpdate
ANTMINER-X3-201811131315-0M/initramfs.bin.SD_extract/64-12362077.gzip_extract/Angstrom-antminer_m-eglibc-ipk-v2013.06-beaglebone.rootfs.cpio_extract/usr/bin/openssl
ANTMINER-X3-201811131315-0M/initramfs.bin.SD_extract/64-12362077.gzip_extract/Angstrom-antminer_m-eglibc-ipk-v2013.06-beaglebone.rootfs.cpio_extract/usr/bin/opkg-cl
ANTMINER-X3-201811131315-0M/initramfs.bin.SD_extract/64-12362077.gzip_extract/Angstrom-antminer_m-eglibc-ipk-v2013.06-beaglebone.rootfs.cpio_extract/usr/bin/passwd.shadow
ANTMINER-X3-201811131315-0M/initramfs.bin.SD_extract/64-12362077.gzip_extract/Angstrom-antminer_m-eglibc-ipk-v2013.06-beaglebone.rootfs.cpio_extract/usr/bin/perl5.14.3
ANTMINER-X3-201811131315-0M/initramfs.bin.SD_extract/64-12362077.gzip_extract/Angstrom-antminer_m-eglibc-ipk-v2013.06-beaglebone.rootfs.cpio_extract/usr/bin/screen-4.0.3
ANTMINER-X3-201811131315-0M/initramfs.bin.SD_extract/64-12362077.gzip_extract/Angstrom-antminer_m-eglibc-ipk-v2013.06-beaglebone.rootfs.cpio_extract/usr/bin/stunnel
ANTMINER-X3-201811131315-0M/initramfs.bin.SD_extract/64-12362077.gzip_extract/Angstrom-antminer_m-eglibc-ipk-v2013.06-beaglebone.rootfs.cpio_extract/usr/bin/su
ANTMINER-X3-201811131315-0M/initramfs.bin.SD_extract/64-12362077.gzip_extract/Angstrom-antminer_m-eglibc-ipk-v2013.06-beaglebone.rootfs.cpio_extract/usr/bin/tickadj
ANTMINER-X3-201811131315-0M/initramfs.bin.SD_extract/64-12362077.gzip_extract/Angstrom-antminer_m-eglibc-ipk-v2013.06-beaglebone.rootfs.cpio_extract/usr/bin/utmpdump.sysvinit
ANTMINER-X3-201811131315-0M/initramfs.bin.SD_extract/64-12362077.gzip_extract/Angstrom-antminer_m-eglibc-ipk-v2013.06-beaglebone.rootfs.cpio_extract/usr/bin/wall.sysvinit
ANTMINER-X3-201811131315-0M/initramfs.bin.SD_extract/64-12362077.gzip_extract/Angstrom-antminer_m-eglibc-ipk-v2013.06-beaglebone.rootfs.cpio_extract/usr/lib/eglibc/pt_chown
ANTMINER-X3-201811131315-0M/initramfs.bin.SD_extract/64-12362077.gzip_extract/Angstrom-antminer_m-eglibc-ipk-v2013.06-beaglebone.rootfs.cpio_extract/usr/lib/libavahi-common.so.3.5.3
ANTMINER-X3-201811131315-0M/initramfs.bin.SD_extract/64-12362077.gzip_extract/Angstrom-antminer_m-eglibc-ipk-v2013.06-beaglebone.rootfs.cpio_extract/usr/lib/libavahi-core.so.7.0.2
ANTMINER-X3-201811131315-0M/initramfs.bin.SD_extract/64-12362077.gzip_extract/Angstrom-antminer_m-eglibc-ipk-v2013.06-beaglebone.rootfs.cpio_extract/usr/lib/libcurl.so.5.3.0
ANTMINER-X3-201811131315-0M/initramfs.bin.SD_extract/64-12362077.gzip_extract/Angstrom-antminer_m-eglibc-ipk-v2013.06-beaglebone.rootfs.cpio_extract/usr/lib/libdaemon.so.0.5.0
ANTMINER-X3-201811131315-0M/initramfs.bin.SD_extract/64-12362077.gzip_extract/Angstrom-antminer_m-eglibc-ipk-v2013.06-beaglebone.rootfs.cpio_extract/usr/lib/libexpat.so.1.6.0
ANTMINER-X3-201811131315-0M/initramfs.bin.SD_extract/64-12362077.gzip_extract/Angstrom-antminer_m-eglibc-ipk-v2013.06-beaglebone.rootfs.cpio_extract/usr/lib/libfdt.so.1
ANTMINER-X3-201811131315-0M/initramfs.bin.SD_extract/64-12362077.gzip_extract/Angstrom-antminer_m-eglibc-ipk-v2013.06-beaglebone.rootfs.cpio_extract/usr/lib/libgcrypt.so.11.7.0
ANTMINER-X3-201811131315-0M/initramfs.bin.SD_extract/64-12362077.gzip_extract/Angstrom-antminer_m-eglibc-ipk-v2013.06-beaglebone.rootfs.cpio_extract/usr/lib/libgnutls.so.26.22.6
ANTMINER-X3-201811131315-0M/initramfs.bin.SD_extract/64-12362077.gzip_extract/Angstrom-antminer_m-eglibc-ipk-v2013.06-beaglebone.rootfs.cpio_extract/usr/lib/libgpg-error.so.0.9.0
ANTMINER-X3-201811131315-0M/initramfs.bin.SD_extract/64-12362077.gzip_extract/Angstrom-antminer_m-eglibc-ipk-v2013.06-beaglebone.rootfs.cpio_extract/usr/lib/libhistory.so.6.2
ANTMINER-X3-201811131315-0M/initramfs.bin.SD_extract/64-12362077.gzip_extract/Angstrom-antminer_m-eglibc-ipk-v2013.06-beaglebone.rootfs.cpio_extract/usr/lib/libjansson.so.4.5.0
ANTMINER-X3-201811131315-0M/initramfs.bin.SD_extract/64-12362077.gzip_extract/Angstrom-antminer_m-eglibc-ipk-v2013.06-beaglebone.rootfs.cpio_extract/usr/lib/libkmod.so.2.2.4
ANTMINER-X3-201811131315-0M/initramfs.bin.SD_extract/64-12362077.gzip_extract/Angstrom-antminer_m-eglibc-ipk-v2013.06-beaglebone.rootfs.cpio_extract/usr/lib/libopkg.so.1.0.0
ANTMINER-X3-201811131315-0M/initramfs.bin.SD_extract/64-12362077.gzip_extract/Angstrom-antminer_m-eglibc-ipk-v2013.06-beaglebone.rootfs.cpio_extract/usr/lib/libpcre.so.1.2.0
ANTMINER-X3-201811131315-0M/initramfs.bin.SD_extract/64-12362077.gzip_extract/Angstrom-antminer_m-eglibc-ipk-v2013.06-beaglebone.rootfs.cpio_extract/usr/lib/libperl.so.5.14.3
ANTMINER-X3-201811131315-0M/initramfs.bin.SD_extract/64-12362077.gzip_extract/Angstrom-antminer_m-eglibc-ipk-v2013.06-beaglebone.rootfs.cpio_extract/usr/lib/libreadline.so.6.2
ANTMINER-X3-201811131315-0M/initramfs.bin.SD_extract/64-12362077.gzip_extract/Angstrom-antminer_m-eglibc-ipk-v2013.06-beaglebone.rootfs.cpio_extract/usr/lib/libssl.so.1.0.0
ANTMINER-X3-201811131315-0M/initramfs.bin.SD_extract/64-12362077.gzip_extract/Angstrom-antminer_m-eglibc-ipk-v2013.06-beaglebone.rootfs.cpio_extract/usr/lib/libtasn1.so.3.2.0
ANTMINER-X3-201811131315-0M/initramfs.bin.SD_extract/64-12362077.gzip_extract/Angstrom-antminer_m-eglibc-ipk-v2013.06-beaglebone.rootfs.cpio_extract/usr/lib/libz.so.1.2.7
ANTMINER-X3-201811131315-0M/initramfs.bin.SD_extract/64-12362077.gzip_extract/Angstrom-antminer_m-eglibc-ipk-v2013.06-beaglebone.rootfs.cpio_extract/usr/lib/mod_access.so
ANTMINER-X3-201811131315-0M/initramfs.bin.SD_extract/64-12362077.gzip_extract/Angstrom-antminer_m-eglibc-ipk-v2013.06-beaglebone.rootfs.cpio_extract/usr/lib/mod_accesslog.so
ANTMINER-X3-201811131315-0M/initramfs.bin.SD_extract/64-12362077.gzip_extract/Angstrom-antminer_m-eglibc-ipk-v2013.06-beaglebone.rootfs.cpio_extract/usr/lib/mod_auth.so
ANTMINER-X3-201811131315-0M/initramfs.bin.SD_extract/64-12362077.gzip_extract/Angstrom-antminer_m-eglibc-ipk-v2013.06-beaglebone.rootfs.cpio_extract/usr/lib/mod_cgi.so
ANTMINER-X3-201811131315-0M/initramfs.bin.SD_extract/64-12362077.gzip_extract/Angstrom-antminer_m-eglibc-ipk-v2013.06-beaglebone.rootfs.cpio_extract/usr/lib/mod_dirlisting.so
ANTMINER-X3-201811131315-0M/initramfs.bin.SD_extract/64-12362077.gzip_extract/Angstrom-antminer_m-eglibc-ipk-v2013.06-beaglebone.rootfs.cpio_extract/usr/lib/mod_expire.so
ANTMINER-X3-201811131315-0M/initramfs.bin.SD_extract/64-12362077.gzip_extract/Angstrom-antminer_m-eglibc-ipk-v2013.06-beaglebone.rootfs.cpio_extract/usr/lib/mod_indexfile.so
ANTMINER-X3-201811131315-0M/initramfs.bin.SD_extract/64-12362077.gzip_extract/Angstrom-antminer_m-eglibc-ipk-v2013.06-beaglebone.rootfs.cpio_extract/usr/lib/mod_staticfile.so
ANTMINER-X3-201811131315-0M/initramfs.bin.SD_extract/64-12362077.gzip_extract/Angstrom-antminer_m-eglibc-ipk-v2013.06-beaglebone.rootfs.cpio_extract/usr/lib/stunnel/libstunnel.so
ANTMINER-X3-201811131315-0M/initramfs.bin.SD_extract/64-12362077.gzip_extract/Angstrom-antminer_m-eglibc-ipk-v2013.06-beaglebone.rootfs.cpio_extract/usr/sbin/avahi-daemon
ANTMINER-X3-201811131315-0M/initramfs.bin.SD_extract/64-12362077.gzip_extract/Angstrom-antminer_m-eglibc-ipk-v2013.06-beaglebone.rootfs.cpio_extract/usr/sbin/chgpasswd
ANTMINER-X3-201811131315-0M/initramfs.bin.SD_extract/64-12362077.gzip_extract/Angstrom-antminer_m-eglibc-ipk-v2013.06-beaglebone.rootfs.cpio_extract/usr/sbin/chpasswd.shadow
ANTMINER-X3-201811131315-0M/initramfs.bin.SD_extract/64-12362077.gzip_extract/Angstrom-antminer_m-eglibc-ipk-v2013.06-beaglebone.rootfs.cpio_extract/usr/sbin/dropbearmulti
ANTMINER-X3-201811131315-0M/initramfs.bin.SD_extract/64-12362077.gzip_extract/Angstrom-antminer_m-eglibc-ipk-v2013.06-beaglebone.rootfs.cpio_extract/usr/sbin/eeprog
ANTMINER-X3-201811131315-0M/initramfs.bin.SD_extract/64-12362077.gzip_extract/Angstrom-antminer_m-eglibc-ipk-v2013.06-beaglebone.rootfs.cpio_extract/usr/sbin/eeprom
ANTMINER-X3-201811131315-0M/initramfs.bin.SD_extract/64-12362077.gzip_extract/Angstrom-antminer_m-eglibc-ipk-v2013.06-beaglebone.rootfs.cpio_extract/usr/sbin/eepromer
ANTMINER-X3-201811131315-0M/initramfs.bin.SD_extract/64-12362077.gzip_extract/Angstrom-antminer_m-eglibc-ipk-v2013.06-beaglebone.rootfs.cpio_extract/usr/sbin/flash_erase
ANTMINER-X3-201811131315-0M/initramfs.bin.SD_extract/64-12362077.gzip_extract/Angstrom-antminer_m-eglibc-ipk-v2013.06-beaglebone.rootfs.cpio_extract/usr/sbin/flash_lock
ANTMINER-X3-201811131315-0M/initramfs.bin.SD_extract/64-12362077.gzip_extract/Angstrom-antminer_m-eglibc-ipk-v2013.06-beaglebone.rootfs.cpio_extract/usr/sbin/flash_otp_dump
ANTMINER-X3-201811131315-0M/initramfs.bin.SD_extract/64-12362077.gzip_extract/Angstrom-antminer_m-eglibc-ipk-v2013.06-beaglebone.rootfs.cpio_extract/usr/sbin/flash_otp_info
ANTMINER-X3-201811131315-0M/initramfs.bin.SD_extract/64-12362077.gzip_extract/Angstrom-antminer_m-eglibc-ipk-v2013.06-beaglebone.rootfs.cpio_extract/usr/sbin/flash_unlock
ANTMINER-X3-201811131315-0M/initramfs.bin.SD_extract/64-12362077.gzip_extract/Angstrom-antminer_m-eglibc-ipk-v2013.06-beaglebone.rootfs.cpio_extract/usr/sbin/flashcp
ANTMINER-X3-201811131315-0M/initramfs.bin.SD_extract/64-12362077.gzip_extract/Angstrom-antminer_m-eglibc-ipk-v2013.06-beaglebone.rootfs.cpio_extract/usr/sbin/groupadd
ANTMINER-X3-201811131315-0M/initramfs.bin.SD_extract/64-12362077.gzip_extract/Angstrom-antminer_m-eglibc-ipk-v2013.06-beaglebone.rootfs.cpio_extract/usr/sbin/groupdel
ANTMINER-X3-201811131315-0M/initramfs.bin.SD_extract/64-12362077.gzip_extract/Angstrom-antminer_m-eglibc-ipk-v2013.06-beaglebone.rootfs.cpio_extract/usr/sbin/groupmems
ANTMINER-X3-201811131315-0M/initramfs.bin.SD_extract/64-12362077.gzip_extract/Angstrom-antminer_m-eglibc-ipk-v2013.06-beaglebone.rootfs.cpio_extract/usr/sbin/groupmod
ANTMINER-X3-201811131315-0M/initramfs.bin.SD_extract/64-12362077.gzip_extract/Angstrom-antminer_m-eglibc-ipk-v2013.06-beaglebone.rootfs.cpio_extract/usr/sbin/grpck
ANTMINER-X3-201811131315-0M/initramfs.bin.SD_extract/64-12362077.gzip_extract/Angstrom-antminer_m-eglibc-ipk-v2013.06-beaglebone.rootfs.cpio_extract/usr/sbin/grpconv
ANTMINER-X3-201811131315-0M/initramfs.bin.SD_extract/64-12362077.gzip_extract/Angstrom-antminer_m-eglibc-ipk-v2013.06-beaglebone.rootfs.cpio_extract/usr/sbin/grpunconv
ANTMINER-X3-201811131315-0M/initramfs.bin.SD_extract/64-12362077.gzip_extract/Angstrom-antminer_m-eglibc-ipk-v2013.06-beaglebone.rootfs.cpio_extract/usr/sbin/i2cdetect
ANTMINER-X3-201811131315-0M/initramfs.bin.SD_extract/64-12362077.gzip_extract/Angstrom-antminer_m-eglibc-ipk-v2013.06-beaglebone.rootfs.cpio_extract/usr/sbin/i2cdump
ANTMINER-X3-201811131315-0M/initramfs.bin.SD_extract/64-12362077.gzip_extract/Angstrom-antminer_m-eglibc-ipk-v2013.06-beaglebone.rootfs.cpio_extract/usr/sbin/i2cget
ANTMINER-X3-201811131315-0M/initramfs.bin.SD_extract/64-12362077.gzip_extract/Angstrom-antminer_m-eglibc-ipk-v2013.06-beaglebone.rootfs.cpio_extract/usr/sbin/i2cset
ANTMINER-X3-201811131315-0M/initramfs.bin.SD_extract/64-12362077.gzip_extract/Angstrom-antminer_m-eglibc-ipk-v2013.06-beaglebone.rootfs.cpio_extract/usr/sbin/lighttpd
ANTMINER-X3-201811131315-0M/initramfs.bin.SD_extract/64-12362077.gzip_extract/Angstrom-antminer_m-eglibc-ipk-v2013.06-beaglebone.rootfs.cpio_extract/usr/sbin/lighttpd-angel
ANTMINER-X3-201811131315-0M/initramfs.bin.SD_extract/64-12362077.gzip_extract/Angstrom-antminer_m-eglibc-ipk-v2013.06-beaglebone.rootfs.cpio_extract/usr/sbin/logoutd
ANTMINER-X3-201811131315-0M/initramfs.bin.SD_extract/64-12362077.gzip_extract/Angstrom-antminer_m-eglibc-ipk-v2013.06-beaglebone.rootfs.cpio_extract/usr/sbin/mtd_debug
ANTMINER-X3-201811131315-0M/initramfs.bin.SD_extract/64-12362077.gzip_extract/Angstrom-antminer_m-eglibc-ipk-v2013.06-beaglebone.rootfs.cpio_extract/usr/sbin/mtdinfo
ANTMINER-X3-201811131315-0M/initramfs.bin.SD_extract/64-12362077.gzip_extract/Angstrom-antminer_m-eglibc-ipk-v2013.06-beaglebone.rootfs.cpio_extract/usr/sbin/nanddump
ANTMINER-X3-201811131315-0M/initramfs.bin.SD_extract/64-12362077.gzip_extract/Angstrom-antminer_m-eglibc-ipk-v2013.06-beaglebone.rootfs.cpio_extract/usr/sbin/nandtest
ANTMINER-X3-201811131315-0M/initramfs.bin.SD_extract/64-12362077.gzip_extract/Angstrom-antminer_m-eglibc-ipk-v2013.06-beaglebone.rootfs.cpio_extract/usr/sbin/nandwrite
ANTMINER-X3-201811131315-0M/initramfs.bin.SD_extract/64-12362077.gzip_extract/Angstrom-antminer_m-eglibc-ipk-v2013.06-beaglebone.rootfs.cpio_extract/usr/sbin/newusers
ANTMINER-X3-201811131315-0M/initramfs.bin.SD_extract/64-12362077.gzip_extract/Angstrom-antminer_m-eglibc-ipk-v2013.06-beaglebone.rootfs.cpio_extract/usr/sbin/pwck
ANTMINER-X3-201811131315-0M/initramfs.bin.SD_extract/64-12362077.gzip_extract/Angstrom-antminer_m-eglibc-ipk-v2013.06-beaglebone.rootfs.cpio_extract/usr/sbin/pwconv
ANTMINER-X3-201811131315-0M/initramfs.bin.SD_extract/64-12362077.gzip_extract/Angstrom-antminer_m-eglibc-ipk-v2013.06-beaglebone.rootfs.cpio_extract/usr/sbin/pwunconv
ANTMINER-X3-201811131315-0M/initramfs.bin.SD_extract/64-12362077.gzip_extract/Angstrom-antminer_m-eglibc-ipk-v2013.06-beaglebone.rootfs.cpio_extract/usr/sbin/unix_chkpwd
ANTMINER-X3-201811131315-0M/initramfs.bin.SD_extract/64-12362077.gzip_extract/Angstrom-antminer_m-eglibc-ipk-v2013.06-beaglebone.rootfs.cpio_extract/usr/sbin/unix_update
ANTMINER-X3-201811131315-0M/initramfs.bin.SD_extract/64-12362077.gzip_extract/Angstrom-antminer_m-eglibc-ipk-v2013.06-beaglebone.rootfs.cpio_extract/usr/sbin/useradd
ANTMINER-X3-201811131315-0M/initramfs.bin.SD_extract/64-12362077.gzip_extract/Angstrom-antminer_m-eglibc-ipk-v2013.06-beaglebone.rootfs.cpio_extract/usr/sbin/userdel
ANTMINER-X3-201811131315-0M/initramfs.bin.SD_extract/64-12362077.gzip_extract/Angstrom-antminer_m-eglibc-ipk-v2013.06-beaglebone.rootfs.cpio_extract/usr/sbin/usermod
Antminer-X5-CV-release-202311081700/BOOT.bin_extract/gzip.uncompressed_extract/bin/busybox
Antminer-X5-CV-release-202311081700/BOOT.bin_extract/gzip.uncompressed_extract/usr/bin/godminer
Antminer-X5-CV-release-202311081700/BOOT.bin_extract/gzip.uncompressed_extract/usr/bin/monitor-ipsig
Antminer-X5-CV-release-202311081700/BOOT.bin_extract/gzip.uncompressed_extract/usr/bin/monitor-recobtn
Antminer-X5-CV-release-202311081700/BOOT.bin_extract/gzip.uncompressed_extract/usr/bin/ntpdate
Antminer-X5-CV-release-202311081700/BOOT.bin_extract/gzip.uncompressed_extract/usr/lib/libcrypto.so.1.1
Antminer-X5-CV-release-202311081700/BOOT.bin_extract/gzip.uncompressed_extract/usr/sbin/lighttpd
Antminer-X5-CV-release-202311081700/BOOT.bin_extract/gzip.uncompressed_extract/usr/sbin/ntpd
Antminer-X5-CV-release-202404111611/BOOT.bin_extract/gzip.uncompressed_extract/bin/busybox
Antminer-X5-CV-release-202404111611/BOOT.bin_extract/gzip.uncompressed_extract/usr/bin/FileParser
Antminer-X5-CV-release-202404111611/BOOT.bin_extract/gzip.uncompressed_extract/usr/bin/godminer
Antminer-X5-CV-release-202404111611/BOOT.bin_extract/gzip.uncompressed_extract/usr/bin/monitor-ipsig
Antminer-X5-CV-release-202404111611/BOOT.bin_extract/gzip.uncompressed_extract/usr/bin/monitor-recobtn
Antminer-X5-CV-release-202404111611/BOOT.bin_extract/gzip.uncompressed_extract/usr/bin/ntpdate
Antminer-X5-CV-release-202404111611/BOOT.bin_extract/gzip.uncompressed_extract/usr/lib/libcrypto.so.1.1
Antminer-X5-CV-release-202404111611/BOOT.bin_extract/gzip.uncompressed_extract/usr/sbin/lighttpd
Antminer-X5-CV-release-202404111611/BOOT.bin_extract/gzip.uncompressed_extract/usr/sbin/ntpd
Antminer-X5-CV-release-202404111611/BOOT.bin_extract/gzip.uncompressed_extract/usr/sbin/update-daemon
Antminer-X5-CV-release-202406221844/BOOT.bin_extract/gzip.uncompressed_extract/bin/busybox
Antminer-X5-CV-release-202406221844/BOOT.bin_extract/gzip.uncompressed_extract/usr/bin/godminer
Antminer-X5-CV-release-202406221844/BOOT.bin_extract/gzip.uncompressed_extract/usr/bin/monitor-ipsig
Antminer-X5-CV-release-202406221844/BOOT.bin_extract/gzip.uncompressed_extract/usr/bin/monitor-recobtn
Antminer-X5-CV-release-202406221844/BOOT.bin_extract/gzip.uncompressed_extract/usr/bin/ntpdate
Antminer-X5-CV-release-202406221844/BOOT.bin_extract/gzip.uncompressed_extract/usr/lib/libcrypto.so.1.1
Antminer-X5-CV-release-202406221844/BOOT.bin_extract/gzip.uncompressed_extract/usr/sbin/lighttpd
Antminer-X5-CV-release-202406221844/BOOT.bin_extract/gzip.uncompressed_extract/usr/sbin/ntpd
Antminer-X5-sd2nand-cvctrl-202308311152/minerfs.no_header_extract/bin/busybox
Antminer-X5-sd2nand-cvctrl-202308311152/minerfs.no_header_extract/bin/e2fsck
Antminer-X5-sd2nand-cvctrl-202308311152/minerfs.no_header_extract/bin/parted
Antminer-X5-sd2nand-cvctrl-202308311152/minerfs.no_header_extract/bin/parted_extract/0-470063.elf64_extract/carved.elf
Antminer-X5-sd2nand-cvctrl-202308311152/minerfs.no_header_extract/bin/resize2fs
Antminer-X5-sd2nand-cvctrl-202308311152/minerfs.no_header_extract/lib/debug/libstdc++.so.6.0.24
Antminer-X5-sd2nand-cvctrl-202308311152/minerfs.no_header_extract/lib/ld-2.25.so
Antminer-X5-sd2nand-cvctrl-202308311152/minerfs.no_header_extract/lib/libanl-2.25.so
Antminer-X5-sd2nand-cvctrl-202308311152/minerfs.no_header_extract/lib/libatomic.so.1.2.0
Antminer-X5-sd2nand-cvctrl-202308311152/minerfs.no_header_extract/lib/libc-2.25.so
Antminer-X5-sd2nand-cvctrl-202308311152/minerfs.no_header_extract/lib/libcrypt-2.25.so
Antminer-X5-sd2nand-cvctrl-202308311152/minerfs.no_header_extract/lib/libdl-2.25.so
Antminer-X5-sd2nand-cvctrl-202308311152/minerfs.no_header_extract/lib/libgcc_s.so.1
Antminer-X5-sd2nand-cvctrl-202308311152/minerfs.no_header_extract/lib/libm-2.25.so
Antminer-X5-sd2nand-cvctrl-202308311152/minerfs.no_header_extract/lib/libnsl-2.25.so
Antminer-X5-sd2nand-cvctrl-202308311152/minerfs.no_header_extract/lib/libnss_dns-2.25.so
Antminer-X5-sd2nand-cvctrl-202308311152/minerfs.no_header_extract/lib/libnss_files-2.25.so
Antminer-X5-sd2nand-cvctrl-202308311152/minerfs.no_header_extract/lib/libpthread-2.25.so
Antminer-X5-sd2nand-cvctrl-202308311152/minerfs.no_header_extract/lib/libresolv-2.25.so
Antminer-X5-sd2nand-cvctrl-202308311152/minerfs.no_header_extract/lib/librt-2.25.so
Antminer-X5-sd2nand-cvctrl-202308311152/minerfs.no_header_extract/lib/libstdc++.so.6.0.24
Antminer-X5-sd2nand-cvctrl-202308311152/minerfs.no_header_extract/lib/libutil-2.25.so
Antminer-X5-sd2nand-cvctrl-202308311152/minerfs.no_header_extract/lib/libuuid.so.1.3.0
Antminer-X5-sd2nand-cvctrl-202308311152/minerfs.no_header_extract/lib/modules/cv183x_base.ko
Antminer-X5-sd2nand-cvctrl-202308311152/minerfs.no_header_extract/lib/modules/cv183x_pwm.ko
Antminer-X5-sd2nand-cvctrl-202308311152/minerfs.no_header_extract/lib/modules/uart_trans.ko
Antminer-X5-sd2nand-cvctrl-202308311152/minerfs.no_header_extract/mnt/system/ko/configfs.ko
Antminer-X5-sd2nand-cvctrl-202308311152/minerfs.no_header_extract/mnt/system/ko/cv183x_wdt.ko
Antminer-X5-sd2nand-cvctrl-202308311152/minerfs.no_header_extract/mnt/system/ko/uart_trans.ko
Antminer-X5-sd2nand-cvctrl-202308311152/minerfs.no_header_extract/sbin/halt
Antminer-X5-sd2nand-cvctrl-202308311152/minerfs.no_header_extract/sbin/id2mac
Antminer-X5-sd2nand-cvctrl-202308311152/minerfs.no_header_extract/sbin/init
Antminer-X5-sd2nand-cvctrl-202308311152/minerfs.no_header_extract/sbin/killall5
Antminer-X5-sd2nand-cvctrl-202308311152/minerfs.no_header_extract/sbin/shutdown
Antminer-X5-sd2nand-cvctrl-202308311152/minerfs.no_header_extract/usr/bin/FileParser
Antminer-X5-sd2nand-cvctrl-202308311152/minerfs.no_header_extract/usr/bin/attr
Antminer-X5-sd2nand-cvctrl-202308311152/minerfs.no_header_extract/usr/bin/cgminer-api
Antminer-X5-sd2nand-cvctrl-202308311152/minerfs.no_header_extract/usr/bin/chacl
Antminer-X5-sd2nand-cvctrl-202308311152/minerfs.no_header_extract/usr/bin/cvi_pinmux
Antminer-X5-sd2nand-cvctrl-202308311152/minerfs.no_header_extract/usr/bin/cvidaemon
Antminer-X5-sd2nand-cvctrl-202308311152/minerfs.no_header_extract/usr/bin/cvtsudoers
Antminer-X5-sd2nand-cvctrl-202308311152/minerfs.no_header_extract/usr/bin/getfacl
Antminer-X5-sd2nand-cvctrl-202308311152/minerfs.no_header_extract/usr/bin/getfattr
Antminer-X5-sd2nand-cvctrl-202308311152/minerfs.no_header_extract/usr/bin/godminer
Antminer-X5-sd2nand-cvctrl-202308311152/minerfs.no_header_extract/usr/bin/jq
Antminer-X5-sd2nand-cvctrl-202308311152/minerfs.no_header_extract/usr/bin/kmod
Antminer-X5-sd2nand-cvctrl-202308311152/minerfs.no_header_extract/usr/bin/monitor-ipsig
Antminer-X5-sd2nand-cvctrl-202308311152/minerfs.no_header_extract/usr/bin/monitor-recobtn
Antminer-X5-sd2nand-cvctrl-202308311152/minerfs.no_header_extract/usr/bin/ntpdate
Antminer-X5-sd2nand-cvctrl-202308311152/minerfs.no_header_extract/usr/bin/openssl
Antminer-X5-sd2nand-cvctrl-202308311152/minerfs.no_header_extract/usr/bin/setfacl
Antminer-X5-sd2nand-cvctrl-202308311152/minerfs.no_header_extract/usr/bin/setfattr
Antminer-X5-sd2nand-cvctrl-202308311152/minerfs.no_header_extract/usr/bin/sudo
Antminer-X5-sd2nand-cvctrl-202308311152/minerfs.no_header_extract/usr/bin/sudoreplay
Antminer-X5-sd2nand-cvctrl-202308311152/minerfs.no_header_extract/usr/bin/update_app.zip_extract/update_app.bin
Antminer-X5-sd2nand-cvctrl-202308311152/minerfs.no_header_extract/usr/bin/update_total.zip_extract/update_total.bin_extract/12283904-12286912.elf64_extract/carved.elf
Antminer-X5-sd2nand-cvctrl-202308311152/minerfs.no_header_extract/usr/bin/update_total.zip_extract/update_total.bin_extract/14910451-16673299.gzip_extract/ramdisk_mini_xmr.cpio_extract/bin/busybox
Antminer-X5-sd2nand-cvctrl-202308311152/minerfs.no_header_extract/usr/bin/update_total.zip_extract/update_total.bin_extract/14910451-16673299.gzip_extract/ramdisk_mini_xmr.cpio_extract/lib/ld-uClibc-1.0.31.so
Antminer-X5-sd2nand-cvctrl-202308311152/minerfs.no_header_extract/usr/bin/update_total.zip_extract/update_total.bin_extract/14910451-16673299.gzip_extract/ramdisk_mini_xmr.cpio_extract/lib/libatomic.so.1.2.0
Antminer-X5-sd2nand-cvctrl-202308311152/minerfs.no_header_extract/usr/bin/update_total.zip_extract/update_total.bin_extract/14910451-16673299.gzip_extract/ramdisk_mini_xmr.cpio_extract/lib/libblkid.so.1.1.0
Antminer-X5-sd2nand-cvctrl-202308311152/minerfs.no_header_extract/usr/bin/update_total.zip_extract/update_total.bin_extract/14910451-16673299.gzip_extract/ramdisk_mini_xmr.cpio_extract/lib/libgcc_s.so.1
Antminer-X5-sd2nand-cvctrl-202308311152/minerfs.no_header_extract/usr/bin/update_total.zip_extract/update_total.bin_extract/14910451-16673299.gzip_extract/ramdisk_mini_xmr.cpio_extract/lib/libuClibc-1.0.31.so
Antminer-X5-sd2nand-cvctrl-202308311152/minerfs.no_header_extract/usr/bin/update_total.zip_extract/update_total.bin_extract/14910451-16673299.gzip_extract/ramdisk_mini_xmr.cpio_extract/lib/libuuid.so.1.3.0
Antminer-X5-sd2nand-cvctrl-202308311152/minerfs.no_header_extract/usr/bin/update_total.zip_extract/update_total.bin_extract/14910451-16673299.gzip_extract/ramdisk_mini_xmr.cpio_extract/sbin/e2fsck
Antminer-X5-sd2nand-cvctrl-202308311152/minerfs.no_header_extract/usr/bin/update_total.zip_extract/update_total.bin_extract/14910451-16673299.gzip_extract/ramdisk_mini_xmr.cpio_extract/sbin/ldconfig
Antminer-X5-sd2nand-cvctrl-202308311152/minerfs.no_header_extract/usr/bin/update_total.zip_extract/update_total.bin_extract/14910451-16673299.gzip_extract/ramdisk_mini_xmr.cpio_extract/usr/bin/gen_mango_xmrig
Antminer-X5-sd2nand-cvctrl-202308311152/minerfs.no_header_extract/usr/bin/update_total.zip_extract/update_total.bin_extract/14910451-16673299.gzip_extract/ramdisk_mini_xmr.cpio_extract/usr/bin/getconf
Antminer-X5-sd2nand-cvctrl-202308311152/minerfs.no_header_extract/usr/bin/update_total.zip_extract/update_total.bin_extract/14910451-16673299.gzip_extract/ramdisk_mini_xmr.cpio_extract/usr/bin/ldd
Antminer-X5-sd2nand-cvctrl-202308311152/minerfs.no_header_extract/usr/bin/update_total.zip_extract/update_total.bin_extract/14910451-16673299.gzip_extract/ramdisk_mini_xmr.cpio_extract/usr/bin/lspci
Antminer-X5-sd2nand-cvctrl-202308311152/minerfs.no_header_extract/usr/bin/update_total.zip_extract/update_total.bin_extract/14910451-16673299.gzip_extract/ramdisk_mini_xmr.cpio_extract/usr/bin/setpci
Antminer-X5-sd2nand-cvctrl-202308311152/minerfs.no_header_extract/usr/bin/update_total.zip_extract/update_total.bin_extract/14910451-16673299.gzip_extract/ramdisk_mini_xmr.cpio_extract/usr/bin/spi-config
Antminer-X5-sd2nand-cvctrl-202308311152/minerfs.no_header_extract/usr/bin/update_total.zip_extract/update_total.bin_extract/14910451-16673299.gzip_extract/ramdisk_mini_xmr.cpio_extract/usr/bin/spi-pipe
Antminer-X5-sd2nand-cvctrl-202308311152/minerfs.no_header_extract/usr/bin/update_total.zip_extract/update_total.bin_extract/14910451-16673299.gzip_extract/ramdisk_mini_xmr.cpio_extract/usr/lib/libcom_err.so.2.1
Antminer-X5-sd2nand-cvctrl-202308311152/minerfs.no_header_extract/usr/bin/update_total.zip_extract/update_total.bin_extract/14910451-16673299.gzip_extract/ramdisk_mini_xmr.cpio_extract/usr/lib/libe2p.so.2.3
Antminer-X5-sd2nand-cvctrl-202308311152/minerfs.no_header_extract/usr/bin/update_total.zip_extract/update_total.bin_extract/14910451-16673299.gzip_extract/ramdisk_mini_xmr.cpio_extract/usr/lib/libext2fs.so.2.4
Antminer-X5-sd2nand-cvctrl-202308311152/minerfs.no_header_extract/usr/bin/update_total.zip_extract/update_total.bin_extract/14910451-16673299.gzip_extract/ramdisk_mini_xmr.cpio_extract/usr/lib/libpci.so.3.5.5
Antminer-X5-sd2nand-cvctrl-202308311152/minerfs.no_header_extract/usr/bin/update_total.zip_extract/update_total.bin_extract/18350080-20024672.elf64_extract/carved.elf
Antminer-X5-sd2nand-cvctrl-202308311152/minerfs.no_header_extract/usr/bin/xmlwf
Antminer-X5-sd2nand-cvctrl-202308311152/minerfs.no_header_extract/usr/lib/libacl.so.1.1.2253
Antminer-X5-sd2nand-cvctrl-202308311152/minerfs.no_header_extract/usr/lib/libaio.so.1.0.1
Antminer-X5-sd2nand-cvctrl-202308311152/minerfs.no_header_extract/usr/lib/libattr.so.1.1.2448
Antminer-X5-sd2nand-cvctrl-202308311152/minerfs.no_header_extract/usr/lib/libavahi-common.so.3.5.3
Antminer-X5-sd2nand-cvctrl-202308311152/minerfs.no_header_extract/usr/lib/libavahi-core.so.7.0.2
Antminer-X5-sd2nand-cvctrl-202308311152/minerfs.no_header_extract/usr/lib/libblkid.so.1.1.0
Antminer-X5-sd2nand-cvctrl-202308311152/minerfs.no_header_extract/usr/lib/libcom_err.so.2.1
Antminer-X5-sd2nand-cvctrl-202308311152/minerfs.no_header_extract/usr/lib/libcrypto.so.1.1
Antminer-X5-sd2nand-cvctrl-202308311152/minerfs.no_header_extract/usr/lib/libdaemon.so.0.5.0
Antminer-X5-sd2nand-cvctrl-202308311152/minerfs.no_header_extract/usr/lib/libe2p.so.2.3
Antminer-X5-sd2nand-cvctrl-202308311152/minerfs.no_header_extract/usr/lib/libevent-2.1.so.6.0.2
Antminer-X5-sd2nand-cvctrl-202308311152/minerfs.no_header_extract/usr/lib/libevent_core-2.1.so.6.0.2
Antminer-X5-sd2nand-cvctrl-202308311152/minerfs.no_header_extract/usr/lib/libevent_extra-2.1.so.6.0.2
Antminer-X5-sd2nand-cvctrl-202308311152/minerfs.no_header_extract/usr/lib/libevent_openssl-2.1.so.6.0.2
Antminer-X5-sd2nand-cvctrl-202308311152/minerfs.no_header_extract/usr/lib/libevent_pthreads-2.1.so.6.0.2
Antminer-X5-sd2nand-cvctrl-202308311152/minerfs.no_header_extract/usr/lib/libexpat.so.1.6.10
Antminer-X5-sd2nand-cvctrl-202308311152/minerfs.no_header_extract/usr/lib/libext2fs.so.2.4
Antminer-X5-sd2nand-cvctrl-202308311152/minerfs.no_header_extract/usr/lib/libi2c.so.0.1.1
Antminer-X5-sd2nand-cvctrl-202308311152/minerfs.no_header_extract/usr/lib/libip4tc.so.2.0.0
Antminer-X5-sd2nand-cvctrl-202308311152/minerfs.no_header_extract/usr/lib/libip6tc.so.2.0.0
Antminer-X5-sd2nand-cvctrl-202308311152/minerfs.no_header_extract/usr/lib/libiptc.so.0.0.0
Antminer-X5-sd2nand-cvctrl-202308311152/minerfs.no_header_extract/usr/lib/libkmod.so.2.3.3
Antminer-X5-sd2nand-cvctrl-202308311152/minerfs.no_header_extract/usr/lib/libssl.so.1.1
Antminer-X5-sd2nand-cvctrl-202308311152/minerfs.no_header_extract/usr/lib/libxtables.so.12.2.0
Antminer-X5-sd2nand-cvctrl-202308311152/minerfs.no_header_extract/usr/lib/libz.so.1.2.11
Antminer-X5-sd2nand-cvctrl-202308311152/minerfs.no_header_extract/usr/lib/libzlog.so.1.2
Antminer-X5-sd2nand-cvctrl-202308311152/minerfs.no_header_extract/usr/lib/lighttpd/mod_access.so
Antminer-X5-sd2nand-cvctrl-202308311152/minerfs.no_header_extract/usr/lib/lighttpd/mod_accesslog.so
Antminer-X5-sd2nand-cvctrl-202308311152/minerfs.no_header_extract/usr/lib/lighttpd/mod_alias.so
Antminer-X5-sd2nand-cvctrl-202308311152/minerfs.no_header_extract/usr/lib/lighttpd/mod_auth.so
Antminer-X5-sd2nand-cvctrl-202308311152/minerfs.no_header_extract/usr/lib/lighttpd/mod_cgi.so
Antminer-X5-sd2nand-cvctrl-202308311152/minerfs.no_header_extract/usr/lib/lighttpd/mod_cml.so
Antminer-X5-sd2nand-cvctrl-202308311152/minerfs.no_header_extract/usr/lib/lighttpd/mod_compress.so
Antminer-X5-sd2nand-cvctrl-202308311152/minerfs.no_header_extract/usr/lib/lighttpd/mod_dirlisting.so
Antminer-X5-sd2nand-cvctrl-202308311152/minerfs.no_header_extract/usr/lib/lighttpd/mod_evasive.so
Antminer-X5-sd2nand-cvctrl-202308311152/minerfs.no_header_extract/usr/lib/lighttpd/mod_evhost.so
Antminer-X5-sd2nand-cvctrl-202308311152/minerfs.no_header_extract/usr/lib/lighttpd/mod_expire.so
Antminer-X5-sd2nand-cvctrl-202308311152/minerfs.no_header_extract/usr/lib/lighttpd/mod_extforward.so
Antminer-X5-sd2nand-cvctrl-202308311152/minerfs.no_header_extract/usr/lib/lighttpd/mod_fastcgi.so
Antminer-X5-sd2nand-cvctrl-202308311152/minerfs.no_header_extract/usr/lib/lighttpd/mod_flv_streaming.so
Antminer-X5-sd2nand-cvctrl-202308311152/minerfs.no_header_extract/usr/lib/lighttpd/mod_indexfile.so
Antminer-X5-sd2nand-cvctrl-202308311152/minerfs.no_header_extract/usr/lib/lighttpd/mod_magnet.so
Antminer-X5-sd2nand-cvctrl-202308311152/minerfs.no_header_extract/usr/lib/lighttpd/mod_mysql_vhost.so
Antminer-X5-sd2nand-cvctrl-202308311152/minerfs.no_header_extract/usr/lib/lighttpd/mod_proxy.so
Antminer-X5-sd2nand-cvctrl-202308311152/minerfs.no_header_extract/usr/lib/lighttpd/mod_redirect.so
Antminer-X5-sd2nand-cvctrl-202308311152/minerfs.no_header_extract/usr/lib/lighttpd/mod_rewrite.so
Antminer-X5-sd2nand-cvctrl-202308311152/minerfs.no_header_extract/usr/lib/lighttpd/mod_rrdtool.so
Antminer-X5-sd2nand-cvctrl-202308311152/minerfs.no_header_extract/usr/lib/lighttpd/mod_scgi.so
Antminer-X5-sd2nand-cvctrl-202308311152/minerfs.no_header_extract/usr/lib/lighttpd/mod_secdownload.so
Antminer-X5-sd2nand-cvctrl-202308311152/minerfs.no_header_extract/usr/lib/lighttpd/mod_setenv.so
Antminer-X5-sd2nand-cvctrl-202308311152/minerfs.no_header_extract/usr/lib/lighttpd/mod_simple_vhost.so
Antminer-X5-sd2nand-cvctrl-202308311152/minerfs.no_header_extract/usr/lib/lighttpd/mod_ssi.so
Antminer-X5-sd2nand-cvctrl-202308311152/minerfs.no_header_extract/usr/lib/lighttpd/mod_staticfile.so
Antminer-X5-sd2nand-cvctrl-202308311152/minerfs.no_header_extract/usr/lib/lighttpd/mod_status.so
Antminer-X5-sd2nand-cvctrl-202308311152/minerfs.no_header_extract/usr/lib/lighttpd/mod_trigger_b4_dl.so
Antminer-X5-sd2nand-cvctrl-202308311152/minerfs.no_header_extract/usr/lib/lighttpd/mod_userdir.so
Antminer-X5-sd2nand-cvctrl-202308311152/minerfs.no_header_extract/usr/lib/lighttpd/mod_usertrack.so
Antminer-X5-sd2nand-cvctrl-202308311152/minerfs.no_header_extract/usr/lib/lighttpd/mod_webdav.so
Antminer-X5-sd2nand-cvctrl-202308311152/minerfs.no_header_extract/usr/lib/xtables/libip6t_DNAT.so
Antminer-X5-sd2nand-cvctrl-202308311152/minerfs.no_header_extract/usr/lib/xtables/libip6t_DNPT.so
Antminer-X5-sd2nand-cvctrl-202308311152/minerfs.no_header_extract/usr/lib/xtables/libip6t_HL.so
Antminer-X5-sd2nand-cvctrl-202308311152/minerfs.no_header_extract/usr/lib/xtables/libip6t_LOG.so
Antminer-X5-sd2nand-cvctrl-202308311152/minerfs.no_header_extract/usr/lib/xtables/libip6t_MASQUERADE.so
Antminer-X5-sd2nand-cvctrl-202308311152/minerfs.no_header_extract/usr/lib/xtables/libip6t_NETMAP.so
Antminer-X5-sd2nand-cvctrl-202308311152/minerfs.no_header_extract/usr/lib/xtables/libip6t_REDIRECT.so
Antminer-X5-sd2nand-cvctrl-202308311152/minerfs.no_header_extract/usr/lib/xtables/libip6t_REJECT.so
Antminer-X5-sd2nand-cvctrl-202308311152/minerfs.no_header_extract/usr/lib/xtables/libip6t_SNAT.so
Antminer-X5-sd2nand-cvctrl-202308311152/minerfs.no_header_extract/usr/lib/xtables/libip6t_SNPT.so
Antminer-X5-sd2nand-cvctrl-202308311152/minerfs.no_header_extract/usr/lib/xtables/libip6t_ah.so
Antminer-X5-sd2nand-cvctrl-202308311152/minerfs.no_header_extract/usr/lib/xtables/libip6t_dst.so
Antminer-X5-sd2nand-cvctrl-202308311152/minerfs.no_header_extract/usr/lib/xtables/libip6t_eui64.so
Antminer-X5-sd2nand-cvctrl-202308311152/minerfs.no_header_extract/usr/lib/xtables/libip6t_frag.so
Antminer-X5-sd2nand-cvctrl-202308311152/minerfs.no_header_extract/usr/lib/xtables/libip6t_hbh.so
Antminer-X5-sd2nand-cvctrl-202308311152/minerfs.no_header_extract/usr/lib/xtables/libip6t_hl.so
Antminer-X5-sd2nand-cvctrl-202308311152/minerfs.no_header_extract/usr/lib/xtables/libip6t_icmp6.so
Antminer-X5-sd2nand-cvctrl-202308311152/minerfs.no_header_extract/usr/lib/xtables/libip6t_ipv6header.so
Antminer-X5-sd2nand-cvctrl-202308311152/minerfs.no_header_extract/usr/lib/xtables/libip6t_mh.so
Antminer-X5-sd2nand-cvctrl-202308311152/minerfs.no_header_extract/usr/lib/xtables/libip6t_rt.so
Antminer-X5-sd2nand-cvctrl-202308311152/minerfs.no_header_extract/usr/lib/xtables/libip6t_srh.so
Antminer-X5-sd2nand-cvctrl-202308311152/minerfs.no_header_extract/usr/lib/xtables/libipt_CLUSTERIP.so
Antminer-X5-sd2nand-cvctrl-202308311152/minerfs.no_header_extract/usr/lib/xtables/libipt_DNAT.so
Antminer-X5-sd2nand-cvctrl-202308311152/minerfs.no_header_extract/usr/lib/xtables/libipt_ECN.so
Antminer-X5-sd2nand-cvctrl-202308311152/minerfs.no_header_extract/usr/lib/xtables/libipt_LOG.so
Antminer-X5-sd2nand-cvctrl-202308311152/minerfs.no_header_extract/usr/lib/xtables/libipt_MASQUERADE.so
Antminer-X5-sd2nand-cvctrl-202308311152/minerfs.no_header_extract/usr/lib/xtables/libipt_NETMAP.so
Antminer-X5-sd2nand-cvctrl-202308311152/minerfs.no_header_extract/usr/lib/xtables/libipt_REDIRECT.so
Antminer-X5-sd2nand-cvctrl-202308311152/minerfs.no_header_extract/usr/lib/xtables/libipt_REJECT.so
Antminer-X5-sd2nand-cvctrl-202308311152/minerfs.no_header_extract/usr/lib/xtables/libipt_SNAT.so
Antminer-X5-sd2nand-cvctrl-202308311152/minerfs.no_header_extract/usr/lib/xtables/libipt_TTL.so
Antminer-X5-sd2nand-cvctrl-202308311152/minerfs.no_header_extract/usr/lib/xtables/libipt_ULOG.so
Antminer-X5-sd2nand-cvctrl-202308311152/minerfs.no_header_extract/usr/lib/xtables/libipt_ah.so
Antminer-X5-sd2nand-cvctrl-202308311152/minerfs.no_header_extract/usr/lib/xtables/libipt_icmp.so
Antminer-X5-sd2nand-cvctrl-202308311152/minerfs.no_header_extract/usr/lib/xtables/libipt_realm.so
Antminer-X5-sd2nand-cvctrl-202308311152/minerfs.no_header_extract/usr/lib/xtables/libipt_ttl.so
Antminer-X5-sd2nand-cvctrl-202308311152/minerfs.no_header_extract/usr/lib/xtables/libxt_AUDIT.so
Antminer-X5-sd2nand-cvctrl-202308311152/minerfs.no_header_extract/usr/lib/xtables/libxt_CHECKSUM.so
Antminer-X5-sd2nand-cvctrl-202308311152/minerfs.no_header_extract/usr/lib/xtables/libxt_CLASSIFY.so
Antminer-X5-sd2nand-cvctrl-202308311152/minerfs.no_header_extract/usr/lib/xtables/libxt_CONNMARK.so
Antminer-X5-sd2nand-cvctrl-202308311152/minerfs.no_header_extract/usr/lib/xtables/libxt_CONNSECMARK.so
Antminer-X5-sd2nand-cvctrl-202308311152/minerfs.no_header_extract/usr/lib/xtables/libxt_CT.so
Antminer-X5-sd2nand-cvctrl-202308311152/minerfs.no_header_extract/usr/lib/xtables/libxt_DSCP.so
Antminer-X5-sd2nand-cvctrl-202308311152/minerfs.no_header_extract/usr/lib/xtables/libxt_HMARK.so
Antminer-X5-sd2nand-cvctrl-202308311152/minerfs.no_header_extract/usr/lib/xtables/libxt_IDLETIMER.so
Antminer-X5-sd2nand-cvctrl-202308311152/minerfs.no_header_extract/usr/lib/xtables/libxt_LED.so
Antminer-X5-sd2nand-cvctrl-202308311152/minerfs.no_header_extract/usr/lib/xtables/libxt_MARK.so
Antminer-X5-sd2nand-cvctrl-202308311152/minerfs.no_header_extract/usr/lib/xtables/libxt_NFLOG.so
Antminer-X5-sd2nand-cvctrl-202308311152/minerfs.no_header_extract/usr/lib/xtables/libxt_NFQUEUE.so
Antminer-X5-sd2nand-cvctrl-202308311152/minerfs.no_header_extract/usr/lib/xtables/libxt_RATEEST.so
Antminer-X5-sd2nand-cvctrl-202308311152/minerfs.no_header_extract/usr/lib/xtables/libxt_SECMARK.so
Antminer-X5-sd2nand-cvctrl-202308311152/minerfs.no_header_extract/usr/lib/xtables/libxt_SET.so
Antminer-X5-sd2nand-cvctrl-202308311152/minerfs.no_header_extract/usr/lib/xtables/libxt_SYNPROXY.so
Antminer-X5-sd2nand-cvctrl-202308311152/minerfs.no_header_extract/usr/lib/xtables/libxt_TCPMSS.so
Antminer-X5-sd2nand-cvctrl-202308311152/minerfs.no_header_extract/usr/lib/xtables/libxt_TCPOPTSTRIP.so
Antminer-X5-sd2nand-cvctrl-202308311152/minerfs.no_header_extract/usr/lib/xtables/libxt_TEE.so
Antminer-X5-sd2nand-cvctrl-202308311152/minerfs.no_header_extract/usr/lib/xtables/libxt_TOS.so
Antminer-X5-sd2nand-cvctrl-202308311152/minerfs.no_header_extract/usr/lib/xtables/libxt_TPROXY.so
Antminer-X5-sd2nand-cvctrl-202308311152/minerfs.no_header_extract/usr/lib/xtables/libxt_TRACE.so
Antminer-X5-sd2nand-cvctrl-202308311152/minerfs.no_header_extract/usr/lib/xtables/libxt_addrtype.so
Antminer-X5-sd2nand-cvctrl-202308311152/minerfs.no_header_extract/usr/lib/xtables/libxt_bpf.so
Antminer-X5-sd2nand-cvctrl-202308311152/minerfs.no_header_extract/usr/lib/xtables/libxt_cgroup.so
Antminer-X5-sd2nand-cvctrl-202308311152/minerfs.no_header_extract/usr/lib/xtables/libxt_cluster.so
Antminer-X5-sd2nand-cvctrl-202308311152/minerfs.no_header_extract/usr/lib/xtables/libxt_comment.so
Antminer-X5-sd2nand-cvctrl-202308311152/minerfs.no_header_extract/usr/lib/xtables/libxt_connbytes.so
Antminer-X5-sd2nand-cvctrl-202308311152/minerfs.no_header_extract/usr/lib/xtables/libxt_connlimit.so
Antminer-X5-sd2nand-cvctrl-202308311152/minerfs.no_header_extract/usr/lib/xtables/libxt_connmark.so
Antminer-X5-sd2nand-cvctrl-202308311152/minerfs.no_header_extract/usr/lib/xtables/libxt_conntrack.so
Antminer-X5-sd2nand-cvctrl-202308311152/minerfs.no_header_extract/usr/lib/xtables/libxt_cpu.so
Antminer-X5-sd2nand-cvctrl-202308311152/minerfs.no_header_extract/usr/lib/xtables/libxt_dccp.so
Antminer-X5-sd2nand-cvctrl-202308311152/minerfs.no_header_extract/usr/lib/xtables/libxt_devgroup.so
Antminer-X5-sd2nand-cvctrl-202308311152/minerfs.no_header_extract/usr/lib/xtables/libxt_dscp.so
Antminer-X5-sd2nand-cvctrl-202308311152/minerfs.no_header_extract/usr/lib/xtables/libxt_ecn.so
Antminer-X5-sd2nand-cvctrl-202308311152/minerfs.no_header_extract/usr/lib/xtables/libxt_esp.so
Antminer-X5-sd2nand-cvctrl-202308311152/minerfs.no_header_extract/usr/lib/xtables/libxt_hashlimit.so
Antminer-X5-sd2nand-cvctrl-202308311152/minerfs.no_header_extract/usr/lib/xtables/libxt_helper.so
Antminer-X5-sd2nand-cvctrl-202308311152/minerfs.no_header_extract/usr/lib/xtables/libxt_ipcomp.so
Antminer-X5-sd2nand-cvctrl-202308311152/minerfs.no_header_extract/usr/lib/xtables/libxt_iprange.so
Antminer-X5-sd2nand-cvctrl-202308311152/minerfs.no_header_extract/usr/lib/xtables/libxt_ipvs.so
Antminer-X5-sd2nand-cvctrl-202308311152/minerfs.no_header_extract/usr/lib/xtables/libxt_length.so
Antminer-X5-sd2nand-cvctrl-202308311152/minerfs.no_header_extract/usr/lib/xtables/libxt_limit.so
Antminer-X5-sd2nand-cvctrl-202308311152/minerfs.no_header_extract/usr/lib/xtables/libxt_mac.so
Antminer-X5-sd2nand-cvctrl-202308311152/minerfs.no_header_extract/usr/lib/xtables/libxt_mark.so
Antminer-X5-sd2nand-cvctrl-202308311152/minerfs.no_header_extract/usr/lib/xtables/libxt_multiport.so
Antminer-X5-sd2nand-cvctrl-202308311152/minerfs.no_header_extract/usr/lib/xtables/libxt_nfacct.so
Antminer-X5-sd2nand-cvctrl-202308311152/minerfs.no_header_extract/usr/lib/xtables/libxt_osf.so
Antminer-X5-sd2nand-cvctrl-202308311152/minerfs.no_header_extract/usr/lib/xtables/libxt_owner.so
Antminer-X5-sd2nand-cvctrl-202308311152/minerfs.no_header_extract/usr/lib/xtables/libxt_physdev.so
Antminer-X5-sd2nand-cvctrl-202308311152/minerfs.no_header_extract/usr/lib/xtables/libxt_pkttype.so
Antminer-X5-sd2nand-cvctrl-202308311152/minerfs.no_header_extract/usr/lib/xtables/libxt_policy.so
Antminer-X5-sd2nand-cvctrl-202308311152/minerfs.no_header_extract/usr/lib/xtables/libxt_quota.so
Antminer-X5-sd2nand-cvctrl-202308311152/minerfs.no_header_extract/usr/lib/xtables/libxt_rateest.so
Antminer-X5-sd2nand-cvctrl-202308311152/minerfs.no_header_extract/usr/lib/xtables/libxt_recent.so
Antminer-X5-sd2nand-cvctrl-202308311152/minerfs.no_header_extract/usr/lib/xtables/libxt_rpfilter.so
Antminer-X5-sd2nand-cvctrl-202308311152/minerfs.no_header_extract/usr/lib/xtables/libxt_sctp.so
Antminer-X5-sd2nand-cvctrl-202308311152/minerfs.no_header_extract/usr/lib/xtables/libxt_set.so
Antminer-X5-sd2nand-cvctrl-202308311152/minerfs.no_header_extract/usr/lib/xtables/libxt_socket.so
Antminer-X5-sd2nand-cvctrl-202308311152/minerfs.no_header_extract/usr/lib/xtables/libxt_standard.so
Antminer-X5-sd2nand-cvctrl-202308311152/minerfs.no_header_extract/usr/lib/xtables/libxt_statistic.so
Antminer-X5-sd2nand-cvctrl-202308311152/minerfs.no_header_extract/usr/lib/xtables/libxt_string.so
Antminer-X5-sd2nand-cvctrl-202308311152/minerfs.no_header_extract/usr/lib/xtables/libxt_tcp.so
Antminer-X5-sd2nand-cvctrl-202308311152/minerfs.no_header_extract/usr/lib/xtables/libxt_tcpmss.so
Antminer-X5-sd2nand-cvctrl-202308311152/minerfs.no_header_extract/usr/lib/xtables/libxt_time.so
Antminer-X5-sd2nand-cvctrl-202308311152/minerfs.no_header_extract/usr/lib/xtables/libxt_tos.so
Antminer-X5-sd2nand-cvctrl-202308311152/minerfs.no_header_extract/usr/lib/xtables/libxt_u32.so
Antminer-X5-sd2nand-cvctrl-202308311152/minerfs.no_header_extract/usr/lib/xtables/libxt_udp.so
Antminer-X5-sd2nand-cvctrl-202308311152/minerfs.no_header_extract/usr/libexec/sudo/group_file.so
Antminer-X5-sd2nand-cvctrl-202308311152/minerfs.no_header_extract/usr/libexec/sudo/libsudo_util.so.0.0.0
Antminer-X5-sd2nand-cvctrl-202308311152/minerfs.no_header_extract/usr/libexec/sudo/sudo_noexec.so
Antminer-X5-sd2nand-cvctrl-202308311152/minerfs.no_header_extract/usr/libexec/sudo/sudoers.so
Antminer-X5-sd2nand-cvctrl-202308311152/minerfs.no_header_extract/usr/libexec/sudo/system_group.so
Antminer-X5-sd2nand-cvctrl-202308311152/minerfs.no_header_extract/usr/sbin/avahi-autoipd
Antminer-X5-sd2nand-cvctrl-202308311152/minerfs.no_header_extract/usr/sbin/avahi-daemon
Antminer-X5-sd2nand-cvctrl-202308311152/minerfs.no_header_extract/usr/sbin/avahi-dnsconfd
Antminer-X5-sd2nand-cvctrl-202308311152/minerfs.no_header_extract/usr/sbin/dropbear
Antminer-X5-sd2nand-cvctrl-202308311152/minerfs.no_header_extract/usr/sbin/eeprog
Antminer-X5-sd2nand-cvctrl-202308311152/minerfs.no_header_extract/usr/sbin/gdisk
Antminer-X5-sd2nand-cvctrl-202308311152/minerfs.no_header_extract/usr/sbin/i2cdetect
Antminer-X5-sd2nand-cvctrl-202308311152/minerfs.no_header_extract/usr/sbin/i2cdump
Antminer-X5-sd2nand-cvctrl-202308311152/minerfs.no_header_extract/usr/sbin/i2cget
Antminer-X5-sd2nand-cvctrl-202308311152/minerfs.no_header_extract/usr/sbin/i2cset
Antminer-X5-sd2nand-cvctrl-202308311152/minerfs.no_header_extract/usr/sbin/i2ctransfer
Antminer-X5-sd2nand-cvctrl-202308311152/minerfs.no_header_extract/usr/sbin/lighttpd
Antminer-X5-sd2nand-cvctrl-202308311152/minerfs.no_header_extract/usr/sbin/lighttpd-angel
Antminer-X5-sd2nand-cvctrl-202308311152/minerfs.no_header_extract/usr/sbin/ntpd
Antminer-X5-sd2nand-cvctrl-202308311152/minerfs.no_header_extract/usr/sbin/update-daemon
Antminer-X5-sd2nand-cvctrl-202308311152/minerfs.no_header_extract/usr/sbin/visudo
Antminer-X5-sd2nand-cvctrl-202308311152/minerfs.no_header_extract/usr/sbin/xtables-legacy-multi
